# JRE version: Java(TM) SE Runtime Environment 18.9 (11.0.10+8) (build 11.0.10+8-LTS-162)
# Java VM: Java HotSpot(TM) 64-Bit Server VM 18.9 (11.0.10+8-LTS-162, mixed mode, tiered, compressed oops, g1 gc, windows-amd64)
Heap:
 garbage-first heap   total 262144K, used 130940K [0x0000000701e00000, 0x0000000800000000)
  region size 1024K, 114 young (116736K), 19 survivors (19456K)
 Metaspace       used 34599K, capacity 35399K, committed 35628K, reserved 1081344K
  class space    used 3580K, capacity 3905K, committed 3968K, reserved 1048576K
GC Heap History (10 events):
Event: 3.642 GC heap before
{Heap before GC invocations=2 (full 0):
 garbage-first heap   total 262144K, used 31727K [0x0000000701e00000, 0x0000000800000000)
  region size 1024K, 28 young (28672K), 1 survivors (1024K)
 Metaspace       used 16498K, capacity 16735K, committed 17024K, reserved 1064960K
  class space    used 1744K, capacity 1848K, committed 1920K, reserved 1048576K
}
Event: 3.646 GC heap after
{Heap after GC invocations=3 (full 0):
 garbage-first heap   total 262144K, used 5126K [0x0000000701e00000, 0x0000000800000000)
  region size 1024K, 2 young (2048K), 2 survivors (2048K)
 Metaspace       used 16498K, capacity 16735K, committed 17024K, reserved 1064960K
  class space    used 1744K, capacity 1848K, committed 1920K, reserved 1048576K
}
Event: 4.686 GC heap before
{Heap before GC invocations=3 (full 0):
 garbage-first heap   total 262144K, used 36870K [0x0000000701e00000, 0x0000000800000000)
  region size 1024K, 34 young (34816K), 2 survivors (2048K)
 Metaspace       used 20651K, capacity 21026K, committed 21248K, reserved 1069056K
  class space    used 2189K, capacity 2286K, committed 2304K, reserved 1048576K
}
Event: 4.698 GC heap after
{Heap after GC invocations=4 (full 0):
 garbage-first heap   total 262144K, used 8781K [0x0000000701e00000, 0x0000000800000000)
  region size 1024K, 6 young (6144K), 6 survivors (6144K)
 Metaspace       used 20651K, capacity 21026K, committed 21248K, reserved 1069056K
  class space    used 2189K, capacity 2286K, committed 2304K, reserved 1048576K
}
Event: 5.595 GC heap before
{Heap before GC invocations=5 (full 0):
 garbage-first heap   total 262144K, used 59981K [0x0000000701e00000, 0x0000000800000000)
  region size 1024K, 56 young (57344K), 6 survivors (6144K)
 Metaspace       used 21318K, capacity 21649K, committed 21888K, reserved 1069056K
  class space    used 2211K, capacity 2322K, committed 2432K, reserved 1048576K
}
Event: 5.607 GC heap after
{Heap after GC invocations=6 (full 0):
 garbage-first heap   total 262144K, used 12627K [0x0000000701e00000, 0x0000000800000000)
  region size 1024K, 4 young (4096K), 4 survivors (4096K)
 Metaspace       used 21318K, capacity 21649K, committed 21888K, reserved 1069056K
  class space    used 2211K, capacity 2322K, committed 2432K, reserved 1048576K
}
Event: 9.232 GC heap before
{Heap before GC invocations=6 (full 0):
 garbage-first heap   total 262144K, used 127315K [0x0000000701e00000, 0x0000000800000000)
  region size 1024K, 116 young (118784K), 4 survivors (4096K)
 Metaspace       used 25427K, capacity 25951K, committed 26112K, reserved 1073152K
  class space    used 2598K, capacity 2779K, committed 2816K, reserved 1048576K
}
Event: 9.242 GC heap after
{Heap after GC invocations=7 (full 0):
 garbage-first heap   total 262144K, used 17448K [0x0000000701e00000, 0x0000000800000000)
  region size 1024K, 8 young (8192K), 8 survivors (8192K)
 Metaspace       used 25427K, capacity 25951K, committed 26112K, reserved 1073152K
  class space    used 2598K, capacity 2779K, committed 2816K, reserved 1048576K
}
Event: 11.276 GC heap before
{Heap before GC invocations=7 (full 0):
 garbage-first heap   total 262144K, used 158760K [0x0000000701e00000, 0x0000000800000000)
  region size 1024K, 145 young (148480K), 8 survivors (8192K)
 Metaspace       used 32344K, capacity 33036K, committed 33408K, reserved 1079296K
  class space    used 3375K, capacity 3589K, committed 3712K, reserved 1048576K
}
Event: 11.302 GC heap after
{Heap after GC invocations=8 (full 0):
 garbage-first heap   total 262144K, used 34684K [0x0000000701e00000, 0x0000000800000000)
  region size 1024K, 19 young (19456K), 19 survivors (19456K)
 Metaspace       used 32344K, capacity 33036K, committed 33408K, reserved 1079296K
  class space    used 3375K, capacity 3589K, committed 3712K, reserved 1048576K
}

